E:\DOCS\UNI\GGI\VERSUCH06\V6_1\DEBUG\V6_2.EXE
E:\Docs\Uni\GGI\Versuch06\V6_1\Debug\V6_2.exp
E:\DOCS\UNI\GGI\VERSUCH06\V6_1\DEBUG\V6_2.ILK
E:\Docs\Uni\GGI\Versuch06\V6_1\Debug\V6_2.lib
E:\DOCS\UNI\GGI\VERSUCH06\V6_1\DEBUG\V6_2.PDB
E:\Docs\Uni\GGI\Versuch06\V6_1\V6_2\Debug\cl.command.1.tlog
E:\Docs\Uni\GGI\Versuch06\V6_1\V6_2\Debug\CL.read.1.tlog
E:\Docs\Uni\GGI\Versuch06\V6_1\V6_2\Debug\CL.write.1.tlog
E:\Docs\Uni\GGI\Versuch06\V6_1\V6_2\Debug\link.command.1.tlog
E:\Docs\Uni\GGI\Versuch06\V6_1\V6_2\Debug\link.read.1.tlog
E:\Docs\Uni\GGI\Versuch06\V6_1\V6_2\Debug\link.write.1.tlog
E:\DOCS\UNI\GGI\VERSUCH06\V6_1\V6_2\DEBUG\MAIN.OBJ
E:\Docs\Uni\GGI\Versuch06\V6_1\V6_2\Debug\mt.command.1.tlog
E:\Docs\Uni\GGI\Versuch06\V6_1\V6_2\Debug\mt.read.1.tlog
E:\Docs\Uni\GGI\Versuch06\V6_1\V6_2\Debug\mt.write.1.tlog
E:\DOCS\UNI\GGI\VERSUCH06\V6_1\V6_2\DEBUG\STUDENT.OBJ
E:\DOCS\UNI\GGI\VERSUCH06\V6_1\V6_2\DEBUG\V6_2.EXE.INTERMEDIATE.MANIFEST
E:\Docs\Uni\GGI\Versuch06\V6_1\V6_2\Debug\V6_2.vcxprojResolveAssemblyReference.cache
E:\Docs\Uni\GGI\Versuch06\V6_1\V6_2\Debug\V6_2.write.1.tlog
E:\Docs\Uni\GGI\Versuch06\V6_1\V6_2\Debug\vc100.idb
E:\DOCS\UNI\GGI\VERSUCH06\V6_1\V6_2\DEBUG\VC100.PDB
