Der Buildvorgang wurde am 31.05.2015 16:23:15 gestartet.
     1>Projekt "E:\Docs\Uni\GGI\Versuch06\V6\V6_2\V6_2.vcxproj" auf Knoten "3", build Ziel(e).
     1>InitializeBuildStatus:
         "Debug\V6_2.unsuccessfulbuild" wird erstellt, da "AlwaysCreate" angegeben wurde.
       ClCompile:
         C:\Program Files (x86)\Microsoft Visual Studio 10.0\VC\bin\CL.exe /c /ZI /nologo /W3 /WX- /Od /Oy- /D _MBCS /Gm /EHsc /RTC1 /MDd /GS /fp:precise /Zc:wchar_t /Zc:forScope /Fo"Debug\\" /Fd"Debug\vc100.pdb" /Gd /TP /analyze- /errorReport:prompt Student.cpp main.cpp
         Student.cpp
         Code wird generiert...
         Kompilieren...
         main.cpp
     1>e:\docs\uni\ggi\versuch06\v6\v6_2\main.cpp(50): warning C4102: 'std': Unreferenzierte Marke
         Code wird generiert...
       Link:
         C:\Program Files (x86)\Microsoft Visual Studio 10.0\VC\bin\link.exe /ERRORREPORT:PROMPT /OUT:"E:\Docs\Uni\GGI\Versuch06\V6\Debug\V6_2.exe" /NOLOGO kernel32.lib user32.lib gdi32.lib winspool.lib comdlg32.lib advapi32.lib shell32.lib ole32.lib oleaut32.lib uuid.lib odbc32.lib odbccp32.lib /MANIFEST /ManifestFile:"Debug\V6_2.exe.intermediate.manifest" /MANIFESTUAC:"level='asInvoker' uiAccess='false'" /DEBUG /PDB:"E:\Docs\Uni\GGI\Versuch06\V6\Debug\V6_2.pdb" /TLBID:1 /DYNAMICBASE /NXCOMPAT /IMPLIB:"E:\Docs\Uni\GGI\Versuch06\V6\Debug\V6_2.lib" /MACHINE:X86 Debug\main.obj
         Debug\Student.obj
         LINK : E:\Docs\Uni\GGI\Versuch06\V6\Debug\V6_2.exe wurde nicht gefunden oder beim letzten inkrementellen Linkvorgang nicht erstellt; vollständiger Link wird durchgeführt.
            Bibliothek "E:\Docs\Uni\GGI\Versuch06\V6\Debug\V6_2.lib" und Objekt "E:\Docs\Uni\GGI\Versuch06\V6\Debug\V6_2.exp" werden erstellt.
         V6_2.vcxproj -> E:\Docs\Uni\GGI\Versuch06\V6\Debug\V6_2.exe
       Manifest:
         C:\Program Files (x86)\Microsoft SDKs\Windows\v7.0A\bin\mt.exe /nologo /verbose /outputresource:"E:\Docs\Uni\GGI\Versuch06\V6\Debug\V6_2.exe;#1" /manifest Debug\V6_2.exe.intermediate.manifest
       FinalizeBuildStatus:
         Die Datei "Debug\V6_2.unsuccessfulbuild" wird gelöscht.
         Aktualisieren des Timestamps von "Debug\V6_2.lastbuildstate".
     1>Die Erstellung des Projekts "E:\Docs\Uni\GGI\Versuch06\V6\V6_2\V6_2.vcxproj" ist abgeschlossen, build Ziel(e).

Das Erstellen war erfolgreich.

Verstrichene Zeit 00:00:01.59
