Der Buildvorgang wurde am 21.05.2015 19:33:22 gestartet.
     1>Projekt "E:\Docs\Uni\GGI\versuch05\Versuch05Teil1\V5\V5_2\V5_2.vcxproj" auf Knoten "2", build Ziel(e).
     1>InitializeBuildStatus:
         "Debug\V5_2.unsuccessfulbuild" wird erstellt, da "AlwaysCreate" angegeben wurde.
       ClCompile:
         Alle Ausgaben sind aktuell.
       Link:
         C:\Program Files (x86)\Microsoft Visual Studio 10.0\VC\bin\link.exe /ERRORREPORT:PROMPT /OUT:"E:\Docs\Uni\GGI\versuch05\Versuch05Teil1\V5\Debug\V5_2.exe" /NOLOGO kernel32.lib user32.lib gdi32.lib winspool.lib comdlg32.lib advapi32.lib shell32.lib ole32.lib oleaut32.lib uuid.lib odbc32.lib odbccp32.lib /MANIFEST /ManifestFile:"Debug\V5_2.exe.intermediate.manifest" /MANIFESTUAC:"level='asInvoker' uiAccess='false'" /DEBUG /PDB:"E:\Docs\Uni\GGI\versuch05\Versuch05Teil1\V5\Debug\V5_2.pdb" /TLBID:1 /DYNAMICBASE /NXCOMPAT /IMPLIB:"E:\Docs\Uni\GGI\versuch05\Versuch05Teil1\V5\Debug\V5_2.lib" /MACHINE:X86 Debug\List.obj
         Debug\ListElem.obj
         Debug\main.obj
         LINK : E:\Docs\Uni\GGI\versuch05\Versuch05Teil1\V5\Debug\V5_2.exe wurde nicht gefunden oder beim letzten inkrementellen Linkvorgang nicht erstellt; vollständiger Link wird durchgeführt.
         V5_2.vcxproj -> E:\Docs\Uni\GGI\versuch05\Versuch05Teil1\V5\Debug\V5_2.exe
       Manifest:
         C:\Program Files (x86)\Microsoft SDKs\Windows\v7.0A\bin\mt.exe /nologo /verbose /outputresource:"E:\Docs\Uni\GGI\versuch05\Versuch05Teil1\V5\Debug\V5_2.exe;#1" /manifest Debug\V5_2.exe.intermediate.manifest
       FinalizeBuildStatus:
         Die Datei "Debug\V5_2.unsuccessfulbuild" wird gelöscht.
         Aktualisieren des Timestamps von "Debug\V5_2.lastbuildstate".
     1>Die Erstellung des Projekts "E:\Docs\Uni\GGI\versuch05\Versuch05Teil1\V5\V5_2\V5_2.vcxproj" ist abgeschlossen, build Ziel(e).

Das Erstellen war erfolgreich.

Verstrichene Zeit 00:00:00.24
